<?xml version="1.0" encoding="UTF-8"?>
<testng-results ignored="0" total="8" passed="8" failed="0" skipped="0">
  <reporter-output>
  </reporter-output>
  <suite started-at="2024-01-17T13:23:21 IST" name="Suite" finished-at="2024-01-17T13:23:21 IST" duration-ms="48">
    <groups>
    </groups>
    <test started-at="2024-01-17T13:23:21 IST" name="Test" finished-at="2024-01-17T13:23:21 IST" duration-ms="48">
      <class name="TestNG_InvocationCount.RunMultiple_WithoutLoop">
        <test-method signature="testMethod1(org.testng.ITestContext)[pri:0, instance:TestNG_InvocationCount.RunMultiple_WithoutLoop@5bf0d49]" started-at="2024-01-17T13:23:21 IST" name="testMethod1" finished-at="2024-01-17T13:23:21 IST" duration-ms="6" status="PASS">
          <params>
            <param index="0">
              <value>
                <![CDATA[org.testng.TestRunner@140c9f39]]>
              </value>
            </param>
          </params>
          <reporter-output>
          </reporter-output>
        </test-method> <!-- testMethod1 -->
        <test-method signature="testMethod1(org.testng.ITestContext)[pri:0, instance:TestNG_InvocationCount.RunMultiple_WithoutLoop@5bf0d49]" started-at="2024-01-17T13:23:21 IST" name="testMethod1" finished-at="2024-01-17T13:23:21 IST" duration-ms="1" status="PASS">
          <params>
            <param index="0">
              <value>
                <![CDATA[org.testng.TestRunner@140c9f39]]>
              </value>
            </param>
          </params>
          <reporter-output>
          </reporter-output>
        </test-method> <!-- testMethod1 -->
        <test-method signature="testMethod1(org.testng.ITestContext)[pri:0, instance:TestNG_InvocationCount.RunMultiple_WithoutLoop@5bf0d49]" started-at="2024-01-17T13:23:21 IST" name="testMethod1" finished-at="2024-01-17T13:23:21 IST" duration-ms="1" status="PASS">
          <params>
            <param index="0">
              <value>
                <![CDATA[org.testng.TestRunner@140c9f39]]>
              </value>
            </param>
          </params>
          <reporter-output>
          </reporter-output>
        </test-method> <!-- testMethod1 -->
        <test-method signature="testMethod1(org.testng.ITestContext)[pri:0, instance:TestNG_InvocationCount.RunMultiple_WithoutLoop@5bf0d49]" started-at="2024-01-17T13:23:21 IST" name="testMethod1" finished-at="2024-01-17T13:23:21 IST" duration-ms="0" status="PASS">
          <params>
            <param index="0">
              <value>
                <![CDATA[org.testng.TestRunner@140c9f39]]>
              </value>
            </param>
          </params>
          <reporter-output>
          </reporter-output>
        </test-method> <!-- testMethod1 -->
        <test-method signature="testMethod1(org.testng.ITestContext)[pri:0, instance:TestNG_InvocationCount.RunMultiple_WithoutLoop@5bf0d49]" started-at="2024-01-17T13:23:21 IST" name="testMethod1" finished-at="2024-01-17T13:23:21 IST" duration-ms="1" status="PASS">
          <params>
            <param index="0">
              <value>
                <![CDATA[org.testng.TestRunner@140c9f39]]>
              </value>
            </param>
          </params>
          <reporter-output>
          </reporter-output>
        </test-method> <!-- testMethod1 -->
        <test-method signature="testMethod2(org.testng.ITestContext)[pri:0, instance:TestNG_InvocationCount.RunMultiple_WithoutLoop@5bf0d49]" started-at="2024-01-17T13:23:21 IST" name="testMethod2" finished-at="2024-01-17T13:23:21 IST" duration-ms="2" status="PASS">
          <params>
            <param index="0">
              <value>
                <![CDATA[org.testng.TestRunner@140c9f39]]>
              </value>
            </param>
          </params>
          <reporter-output>
          </reporter-output>
        </test-method> <!-- testMethod2 -->
        <test-method signature="testMethod2(org.testng.ITestContext)[pri:0, instance:TestNG_InvocationCount.RunMultiple_WithoutLoop@5bf0d49]" started-at="2024-01-17T13:23:21 IST" name="testMethod2" finished-at="2024-01-17T13:23:21 IST" duration-ms="1" status="PASS">
          <params>
            <param index="0">
              <value>
                <![CDATA[org.testng.TestRunner@140c9f39]]>
              </value>
            </param>
          </params>
          <reporter-output>
          </reporter-output>
        </test-method> <!-- testMethod2 -->
        <test-method signature="testMethod2(org.testng.ITestContext)[pri:0, instance:TestNG_InvocationCount.RunMultiple_WithoutLoop@5bf0d49]" started-at="2024-01-17T13:23:21 IST" name="testMethod2" finished-at="2024-01-17T13:23:21 IST" duration-ms="1" status="PASS">
          <params>
            <param index="0">
              <value>
                <![CDATA[org.testng.TestRunner@140c9f39]]>
              </value>
            </param>
          </params>
          <reporter-output>
          </reporter-output>
        </test-method> <!-- testMethod2 -->
      </class> <!-- TestNG_InvocationCount.RunMultiple_WithoutLoop -->
    </test> <!-- Test -->
  </suite> <!-- Suite -->
</testng-results>
