<?xml version="1.0" encoding="UTF-8"?>
<!-- Generated by org.testng.reporters.JUnitXMLReporter -->
<testsuite ignored="0" hostname="Lenovo" failures="0" tests="8" name="Default test" time="0.05" errors="0" timestamp="2024-01-17T13:22:52 IST">
  <testcase classname="TestNG_InvocationCount.RunMultiple_WithoutLoop" name="testMethod1" time="0.006"/>
  <testcase classname="TestNG_InvocationCount.RunMultiple_WithoutLoop" name="testMethod1" time="0.001"/>
  <testcase classname="TestNG_InvocationCount.RunMultiple_WithoutLoop" name="testMethod1" time="0.001"/>
  <testcase classname="TestNG_InvocationCount.RunMultiple_WithoutLoop" name="testMethod1" time="0.002"/>
  <testcase classname="TestNG_InvocationCount.RunMultiple_WithoutLoop" name="testMethod1" time="0.001"/>
  <testcase classname="TestNG_InvocationCount.RunMultiple_WithoutLoop" name="testMethod2" time="0.001"/>
  <testcase classname="TestNG_InvocationCount.RunMultiple_WithoutLoop" name="testMethod2" time="0.001"/>
  <testcase classname="TestNG_InvocationCount.RunMultiple_WithoutLoop" name="testMethod2" time="0.0"/>
</testsuite> <!-- Default test -->
