<?xml version="1.0" encoding="UTF-8"?>
<!-- Generated by org.testng.reporters.JUnitXMLReporter -->
<testsuite ignored="0" hostname="Lenovo" failures="0" tests="4" name="CurrentAccount" time="0.066" errors="0" timestamp="2024-01-15T10:49:00 IST">
  <testcase classname="TestNGXml.TestNg.CurrentAcTestClass2" name="test1" time="0.017"/>
  <testcase classname="TestNGXml.TestNg.CurrentAcTestClass2" name="test2" time="0.001"/>
  <testcase classname="TestNGXml.TestNg.CurrentAcTestClass1" name="test1" time="0.001"/>
  <testcase classname="TestNGXml.TestNg.CurrentAcTestClass1" name="test2" time="0.003"/>
</testsuite> <!-- CurrentAccount -->
