<?xml version="1.0" encoding="UTF-8"?>
<!-- Generated by org.testng.reporters.JUnitXMLReporter -->
<testsuite ignored="0" hostname="Lenovo" failures="0" tests="5" name="Functional Testing" time="0.015" errors="0" timestamp="2024-01-16T21:13:06 IST">
  <testcase classname="TestNG_BatchTesting.PaymentTest" name="CashOnDelivery" time="0.002"/>
  <testcase classname="TestNG_BatchTesting.PaymentTest" name="NetBanking" time="0.001"/>
  <testcase classname="TestNG_BatchTesting.ProductPageTest" name="AddProductToCart" time="0.001"/>
  <testcase classname="TestNG_BatchTesting.ProductPageTest" name="AddProductToWishList" time="0.001"/>
  <testcase classname="TestNG_BatchTesting.ProductPageTest" name="SelectQuantity" time="0.001"/>
</testsuite> <!-- Functional Testing -->
