<?xml version="1.0" encoding="UTF-8"?>
<!-- Generated by org.testng.reporters.JUnitXMLReporter -->
<testsuite ignored="0" hostname="Lenovo" failures="0" tests="5" name="Sanity Testing" time="0.049" errors="0" timestamp="2024-01-16T21:13:06 IST">
  <testcase classname="TestNG_BatchTesting.HomeDcreenTest" name="LaunchApllication" time="0.008"/>
  <testcase classname="TestNG_BatchTesting.HomeDcreenTest" name="VerifyLogo" time="0.001"/>
  <testcase classname="TestNG_BatchTesting.HomeDcreenTest" name="VerifyTitle" time="0.001"/>
  <testcase classname="TestNG_BatchTesting.LoginTest" name="LoginByEmail" time="0.001"/>
  <testcase classname="TestNG_BatchTesting.LoginTest" name="LoginByMobileNumber" time="0.002"/>
</testsuite> <!-- Sanity Testing -->
