<?xml version="1.0" encoding="UTF-8"?>
<!-- Generated by org.testng.reporters.JUnitXMLReporter -->
<testsuite ignored="0" hostname="Lenovo" failures="0" tests="8" name="Test" time="0.048" errors="0" timestamp="2024-01-17T13:23:21 IST">
  <testcase classname="TestNG_InvocationCount.RunMultiple_WithoutLoop" name="testMethod1" time="0.006"/>
  <testcase classname="TestNG_InvocationCount.RunMultiple_WithoutLoop" name="testMethod1" time="0.001"/>
  <testcase classname="TestNG_InvocationCount.RunMultiple_WithoutLoop" name="testMethod1" time="0.001"/>
  <testcase classname="TestNG_InvocationCount.RunMultiple_WithoutLoop" name="testMethod1" time="0.0"/>
  <testcase classname="TestNG_InvocationCount.RunMultiple_WithoutLoop" name="testMethod1" time="0.001"/>
  <testcase classname="TestNG_InvocationCount.RunMultiple_WithoutLoop" name="testMethod2" time="0.002"/>
  <testcase classname="TestNG_InvocationCount.RunMultiple_WithoutLoop" name="testMethod2" time="0.001"/>
  <testcase classname="TestNG_InvocationCount.RunMultiple_WithoutLoop" name="testMethod2" time="0.001"/>
</testsuite> <!-- Test -->
